This file contains any messages produced by compilers while
running configure, to aid debugging if configure makes a mistake.

It was created by configure, which was
generated by GNU Autoconf 2.61.  Invocation command line was

  $ ./configure 

## --------- ##
## Platform. ##
## --------- ##

hostname = paierie.inria.fr
uname -m = x86_64
uname -r = 2.6.23.17-88.fc7
uname -s = Linux
uname -v = #1 SMP Thu May 15 00:02:29 EDT 2008

/usr/bin/uname -p = unknown
/bin/uname -X     = unknown

/bin/arch              = x86_64
/usr/bin/arch -k       = unknown
/usr/convex/getsysinfo = unknown
/usr/bin/hostinfo      = unknown
/bin/machine           = unknown
/usr/bin/oslevel       = unknown
/bin/universe          = unknown

PATH: /usr/kerberos/sbin
PATH: /usr/lib64/qt-3.3/bin
PATH: /usr/kerberos/bin
PATH: /usr/lib64/ccache
PATH: /usr/local/bin
PATH: /usr/bin
PATH: /bin


## ----------- ##
## Core tests. ##
## ----------- ##

configure:1755: checking build system type
configure:1773: result: x86_64-unknown-linux-gnu
configure:1795: checking host system type
configure:1810: result: x86_64-unknown-linux-gnu
configure:1880: checking for gcc
configure:1896: found /usr/lib64/ccache/gcc
configure:1907: result: gcc
configure:2145: checking for C compiler version
configure:2152: gcc --version >&5
gcc (GCC) 4.1.2 20070925 (Red Hat 4.1.2-27)
Copyright (C) 2006 Free Software Foundation, Inc.
This is free software; see the source for copying conditions.  There is NO
warranty; not even for MERCHANTABILITY or FITNESS FOR A PARTICULAR PURPOSE.

configure:2155: $? = 0
configure:2162: gcc -v >&5
Using built-in specs.
Target: x86_64-redhat-linux
Configured with: ../configure --prefix=/usr --mandir=/usr/share/man --infodir=/usr/share/info --enable-shared --enable-threads=posix --enable-checking=release --with-system-zlib --enable-__cxa_atexit --disable-libunwind-exceptions --enable-languages=c,c++,objc,obj-c++,java,fortran,ada --enable-java-awt=gtk --disable-dssi --enable-plugin --with-java-home=/usr/lib/jvm/java-1.5.0-gcj-1.5.0.0/jre --enable-libgcj-multifile --enable-java-maintainer-mode --with-ecj-jar=/usr/share/java/eclipse-ecj.jar --with-cpu=generic --host=x86_64-redhat-linux
Thread model: posix
gcc version 4.1.2 20070925 (Red Hat 4.1.2-27)
configure:2165: $? = 0
configure:2172: gcc -V >&5
gcc: '-V' option must have argument
configure:2175: $? = 1
configure:2198: checking for C compiler default output file name
configure:2225: gcc    conftest.c  >&5
configure:2228: $? = 0
configure:2266: result: a.out
configure:2283: checking whether the C compiler works
configure:2293: ./a.out
configure:2296: $? = 0
configure:2313: result: yes
configure:2320: checking whether we are cross compiling
configure:2322: result: no
configure:2325: checking for suffix of executables
configure:2332: gcc -o conftest    conftest.c  >&5
configure:2335: $? = 0
configure:2359: result: 
configure:2365: checking for suffix of object files
configure:2391: gcc -c   conftest.c >&5
configure:2394: $? = 0
configure:2417: result: o
configure:2421: checking whether we are using the GNU C compiler
configure:2450: gcc -c   conftest.c >&5
configure:2456: $? = 0
configure:2473: result: yes
configure:2478: checking whether gcc accepts -g
configure:2508: gcc -c -g  conftest.c >&5
configure:2514: $? = 0
configure:2613: result: yes
configure:2630: checking for gcc option to accept ISO C89
configure:2704: gcc  -c -g -O2  conftest.c >&5
configure:2710: $? = 0
configure:2733: result: none needed
configure:2765: checking for a BSD-compatible install
configure:2821: result: /usr/bin/install -c
configure:2875: checking for ranlib
configure:2891: found /usr/bin/ranlib
configure:2902: result: ranlib
configure:2936: checking for special C compiler options needed for large files
configure:3029: result: no
configure:3035: checking for _FILE_OFFSET_BITS value needed for large files
configure:3070: gcc -c -g -O2  conftest.c >&5
configure:3076: $? = 0
configure:3144: result: no
configure:3284: checking how to run the C preprocessor
configure:3324: gcc -E  conftest.c
configure:3330: $? = 0
configure:3361: gcc -E  conftest.c
conftest.c:8:28: error: ac_nonexistent.h: No such file or directory
configure:3367: $? = 1
configure: failed program was:
| /* confdefs.h.  */
| #define PACKAGE_NAME ""
| #define PACKAGE_TARNAME ""
| #define PACKAGE_VERSION ""
| #define PACKAGE_STRING ""
| #define PACKAGE_BUGREPORT ""
| /* end confdefs.h.  */
| #include <ac_nonexistent.h>
configure:3400: result: gcc -E
configure:3429: gcc -E  conftest.c
configure:3435: $? = 0
configure:3466: gcc -E  conftest.c
conftest.c:8:28: error: ac_nonexistent.h: No such file or directory
configure:3472: $? = 1
configure: failed program was:
| /* confdefs.h.  */
| #define PACKAGE_NAME ""
| #define PACKAGE_TARNAME ""
| #define PACKAGE_VERSION ""
| #define PACKAGE_STRING ""
| #define PACKAGE_BUGREPORT ""
| /* end confdefs.h.  */
| #include <ac_nonexistent.h>
configure:3510: checking for grep that handles long lines and -e
configure:3584: result: /bin/grep
configure:3589: checking for egrep
configure:3667: result: /bin/grep -E
configure:3672: checking for ANSI C header files
configure:3702: gcc -c -g -O2  conftest.c >&5
configure:3708: $? = 0
configure:3807: gcc -o conftest -g -O2   conftest.c  >&5
configure:3810: $? = 0
configure:3816: ./conftest
configure:3819: $? = 0
configure:3836: result: yes
configure:3860: checking for sys/types.h
configure:3881: gcc -c -g -O2  conftest.c >&5
configure:3887: $? = 0
configure:3903: result: yes
configure:3860: checking for sys/stat.h
configure:3881: gcc -c -g -O2  conftest.c >&5
configure:3887: $? = 0
configure:3903: result: yes
configure:3860: checking for stdlib.h
configure:3881: gcc -c -g -O2  conftest.c >&5
configure:3887: $? = 0
configure:3903: result: yes
configure:3860: checking for string.h
configure:3881: gcc -c -g -O2  conftest.c >&5
configure:3887: $? = 0
configure:3903: result: yes
configure:3860: checking for memory.h
configure:3881: gcc -c -g -O2  conftest.c >&5
configure:3887: $? = 0
configure:3903: result: yes
configure:3860: checking for strings.h
configure:3881: gcc -c -g -O2  conftest.c >&5
configure:3887: $? = 0
configure:3903: result: yes
configure:3860: checking for inttypes.h
configure:3881: gcc -c -g -O2  conftest.c >&5
configure:3887: $? = 0
configure:3903: result: yes
configure:3860: checking for stdint.h
configure:3881: gcc -c -g -O2  conftest.c >&5
configure:3887: $? = 0
configure:3903: result: yes
configure:3860: checking for unistd.h
configure:3881: gcc -c -g -O2  conftest.c >&5
configure:3887: $? = 0
configure:3903: result: yes
configure:3915: checking whether byte ordering is bigendian
configure:3948: gcc -c -g -O2  conftest.c >&5
configure:3954: $? = 0
configure:3986: gcc -c -g -O2  conftest.c >&5
conftest.c: In function 'main':
conftest.c:25: error: 'not' undeclared (first use in this function)
conftest.c:25: error: (Each undeclared identifier is reported only once
conftest.c:25: error: for each function it appears in.)
conftest.c:25: error: expected ';' before 'big'
configure:3992: $? = 1
configure: failed program was:
| /* confdefs.h.  */
| #define PACKAGE_NAME ""
| #define PACKAGE_TARNAME ""
| #define PACKAGE_VERSION ""
| #define PACKAGE_STRING ""
| #define PACKAGE_BUGREPORT ""
| #define STDC_HEADERS 1
| #define HAVE_SYS_TYPES_H 1
| #define HAVE_SYS_STAT_H 1
| #define HAVE_STDLIB_H 1
| #define HAVE_STRING_H 1
| #define HAVE_MEMORY_H 1
| #define HAVE_STRINGS_H 1
| #define HAVE_INTTYPES_H 1
| #define HAVE_STDINT_H 1
| #define HAVE_UNISTD_H 1
| /* end confdefs.h.  */
| #include <sys/types.h>
| #include <sys/param.h>
| 
| int
| main ()
| {
| #if BYTE_ORDER != BIG_ENDIAN
|  not big endian
| #endif
| 
|   ;
|   return 0;
| }
configure:4132: result: no
configure:4159: checking for yacc
configure:4177: found /usr/bin/yacc
configure:4189: result: /usr/bin/yacc
configure:4199: checking for byacc
configure:4217: found /usr/bin/byacc
configure:4229: result: /usr/bin/byacc
configure:4346: checking dirent.h usability
configure:4363: gcc -c -g -O2 -fPIC -D_GNU_SOURCE  conftest.c >&5
configure:4369: $? = 0
configure:4383: result: yes
configure:4387: checking dirent.h presence
configure:4402: gcc -E  conftest.c
configure:4408: $? = 0
configure:4422: result: yes
configure:4450: checking for dirent.h
configure:4458: result: yes
configure:4346: checking sys/ndir.h usability
configure:4363: gcc -c -g -O2 -fPIC -D_GNU_SOURCE  conftest.c >&5
conftest.c:53:22: error: sys/ndir.h: No such file or directory
configure:4369: $? = 1
configure: failed program was:
| /* confdefs.h.  */
| #define PACKAGE_NAME ""
| #define PACKAGE_TARNAME ""
| #define PACKAGE_VERSION ""
| #define PACKAGE_STRING ""
| #define PACKAGE_BUGREPORT ""
| #define STDC_HEADERS 1
| #define HAVE_SYS_TYPES_H 1
| #define HAVE_SYS_STAT_H 1
| #define HAVE_STDLIB_H 1
| #define HAVE_STRING_H 1
| #define HAVE_MEMORY_H 1
| #define HAVE_STRINGS_H 1
| #define HAVE_INTTYPES_H 1
| #define HAVE_STDINT_H 1
| #define HAVE_UNISTD_H 1
| #define SPT_TYPE SPT_REUSEARGV
| #define HAVE_DIRENT_H 1
| /* end confdefs.h.  */
| #include <stdio.h>
| #ifdef HAVE_SYS_TYPES_H
| # include <sys/types.h>
| #endif
| #ifdef HAVE_SYS_STAT_H
| # include <sys/stat.h>
| #endif
| #ifdef STDC_HEADERS
| # include <stdlib.h>
| # include <stddef.h>
| #else
| # ifdef HAVE_STDLIB_H
| #  include <stdlib.h>
| # endif
| #endif
| #ifdef HAVE_STRING_H
| # if !defined STDC_HEADERS && defined HAVE_MEMORY_H
| #  include <memory.h>
| # endif
| # include <string.h>
| #endif
| #ifdef HAVE_STRINGS_H
| # include <strings.h>
| #endif
| #ifdef HAVE_INTTYPES_H
| # include <inttypes.h>
| #endif
| #ifdef HAVE_STDINT_H
| # include <stdint.h>
| #endif
| #ifdef HAVE_UNISTD_H
| # include <unistd.h>
| #endif
| #include <sys/ndir.h>
configure:4383: result: no
configure:4387: checking sys/ndir.h presence
configure:4402: gcc -E  conftest.c
conftest.c:20:22: error: sys/ndir.h: No such file or directory
configure:4408: $? = 1
configure: failed program was:
| /* confdefs.h.  */
| #define PACKAGE_NAME ""
| #define PACKAGE_TARNAME ""
| #define PACKAGE_VERSION ""
| #define PACKAGE_STRING ""
| #define PACKAGE_BUGREPORT ""
| #define STDC_HEADERS 1
| #define HAVE_SYS_TYPES_H 1
| #define HAVE_SYS_STAT_H 1
| #define HAVE_STDLIB_H 1
| #define HAVE_STRING_H 1
| #define HAVE_MEMORY_H 1
| #define HAVE_STRINGS_H 1
| #define HAVE_INTTYPES_H 1
| #define HAVE_STDINT_H 1
| #define HAVE_UNISTD_H 1
| #define SPT_TYPE SPT_REUSEARGV
| #define HAVE_DIRENT_H 1
| /* end confdefs.h.  */
| #include <sys/ndir.h>
configure:4422: result: no
configure:4450: checking for sys/ndir.h
configure:4458: result: no
configure:4346: checking sys/dir.h usability
configure:4363: gcc -c -g -O2 -fPIC -D_GNU_SOURCE  conftest.c >&5
configure:4369: $? = 0
configure:4383: result: yes
configure:4387: checking sys/dir.h presence
configure:4402: gcc -E  conftest.c
configure:4408: $? = 0
configure:4422: result: yes
configure:4450: checking for sys/dir.h
configure:4458: result: yes
configure:4346: checking ndir.h usability
configure:4363: gcc -c -g -O2 -fPIC -D_GNU_SOURCE  conftest.c >&5
conftest.c:54:18: error: ndir.h: No such file or directory
configure:4369: $? = 1
configure: failed program was:
| /* confdefs.h.  */
| #define PACKAGE_NAME ""
| #define PACKAGE_TARNAME ""
| #define PACKAGE_VERSION ""
| #define PACKAGE_STRING ""
| #define PACKAGE_BUGREPORT ""
| #define STDC_HEADERS 1
| #define HAVE_SYS_TYPES_H 1
| #define HAVE_SYS_STAT_H 1
| #define HAVE_STDLIB_H 1
| #define HAVE_STRING_H 1
| #define HAVE_MEMORY_H 1
| #define HAVE_STRINGS_H 1
| #define HAVE_INTTYPES_H 1
| #define HAVE_STDINT_H 1
| #define HAVE_UNISTD_H 1
| #define SPT_TYPE SPT_REUSEARGV
| #define HAVE_DIRENT_H 1
| #define HAVE_SYS_DIR_H 1
| /* end confdefs.h.  */
| #include <stdio.h>
| #ifdef HAVE_SYS_TYPES_H
| # include <sys/types.h>
| #endif
| #ifdef HAVE_SYS_STAT_H
| # include <sys/stat.h>
| #endif
| #ifdef STDC_HEADERS
| # include <stdlib.h>
| # include <stddef.h>
| #else
| # ifdef HAVE_STDLIB_H
| #  include <stdlib.h>
| # endif
| #endif
| #ifdef HAVE_STRING_H
| # if !defined STDC_HEADERS && defined HAVE_MEMORY_H
| #  include <memory.h>
| # endif
| # include <string.h>
| #endif
| #ifdef HAVE_STRINGS_H
| # include <strings.h>
| #endif
| #ifdef HAVE_INTTYPES_H
| # include <inttypes.h>
| #endif
| #ifdef HAVE_STDINT_H
| # include <stdint.h>
| #endif
| #ifdef HAVE_UNISTD_H
| # include <unistd.h>
| #endif
| #include <ndir.h>
configure:4383: result: no
configure:4387: checking ndir.h presence
configure:4402: gcc -E  conftest.c
conftest.c:21:18: error: ndir.h: No such file or directory
configure:4408: $? = 1
configure: failed program was:
| /* confdefs.h.  */
| #define PACKAGE_NAME ""
| #define PACKAGE_TARNAME ""
| #define PACKAGE_VERSION ""
| #define PACKAGE_STRING ""
| #define PACKAGE_BUGREPORT ""
| #define STDC_HEADERS 1
| #define HAVE_SYS_TYPES_H 1
| #define HAVE_SYS_STAT_H 1
| #define HAVE_STDLIB_H 1
| #define HAVE_STRING_H 1
| #define HAVE_MEMORY_H 1
| #define HAVE_STRINGS_H 1
| #define HAVE_INTTYPES_H 1
| #define HAVE_STDINT_H 1
| #define HAVE_UNISTD_H 1
| #define SPT_TYPE SPT_REUSEARGV
| #define HAVE_DIRENT_H 1
| #define HAVE_SYS_DIR_H 1
| /* end confdefs.h.  */
| #include <ndir.h>
configure:4422: result: no
configure:4450: checking for ndir.h
configure:4458: result: no
configure:4346: checking sys/pstat.h usability
configure:4363: gcc -c -g -O2 -fPIC -D_GNU_SOURCE  conftest.c >&5
conftest.c:54:23: error: sys/pstat.h: No such file or directory
configure:4369: $? = 1
configure: failed program was:
| /* confdefs.h.  */
| #define PACKAGE_NAME ""
| #define PACKAGE_TARNAME ""
| #define PACKAGE_VERSION ""
| #define PACKAGE_STRING ""
| #define PACKAGE_BUGREPORT ""
| #define STDC_HEADERS 1
| #define HAVE_SYS_TYPES_H 1
| #define HAVE_SYS_STAT_H 1
| #define HAVE_STDLIB_H 1
| #define HAVE_STRING_H 1
| #define HAVE_MEMORY_H 1
| #define HAVE_STRINGS_H 1
| #define HAVE_INTTYPES_H 1
| #define HAVE_STDINT_H 1
| #define HAVE_UNISTD_H 1
| #define SPT_TYPE SPT_REUSEARGV
| #define HAVE_DIRENT_H 1
| #define HAVE_SYS_DIR_H 1
| /* end confdefs.h.  */
| #include <stdio.h>
| #ifdef HAVE_SYS_TYPES_H
| # include <sys/types.h>
| #endif
| #ifdef HAVE_SYS_STAT_H
| # include <sys/stat.h>
| #endif
| #ifdef STDC_HEADERS
| # include <stdlib.h>
| # include <stddef.h>
| #else
| # ifdef HAVE_STDLIB_H
| #  include <stdlib.h>
| # endif
| #endif
| #ifdef HAVE_STRING_H
| # if !defined STDC_HEADERS && defined HAVE_MEMORY_H
| #  include <memory.h>
| # endif
| # include <string.h>
| #endif
| #ifdef HAVE_STRINGS_H
| # include <strings.h>
| #endif
| #ifdef HAVE_INTTYPES_H
| # include <inttypes.h>
| #endif
| #ifdef HAVE_STDINT_H
| # include <stdint.h>
| #endif
| #ifdef HAVE_UNISTD_H
| # include <unistd.h>
| #endif
| #include <sys/pstat.h>
configure:4383: result: no
configure:4387: checking sys/pstat.h presence
configure:4402: gcc -E  conftest.c
conftest.c:21:23: error: sys/pstat.h: No such file or directory
configure:4408: $? = 1
configure: failed program was:
| /* confdefs.h.  */
| #define PACKAGE_NAME ""
| #define PACKAGE_TARNAME ""
| #define PACKAGE_VERSION ""
| #define PACKAGE_STRING ""
| #define PACKAGE_BUGREPORT ""
| #define STDC_HEADERS 1
| #define HAVE_SYS_TYPES_H 1
| #define HAVE_SYS_STAT_H 1
| #define HAVE_STDLIB_H 1
| #define HAVE_STRING_H 1
| #define HAVE_MEMORY_H 1
| #define HAVE_STRINGS_H 1
| #define HAVE_INTTYPES_H 1
| #define HAVE_STDINT_H 1
| #define HAVE_UNISTD_H 1
| #define SPT_TYPE SPT_REUSEARGV
| #define HAVE_DIRENT_H 1
| #define HAVE_SYS_DIR_H 1
| /* end confdefs.h.  */
| #include <sys/pstat.h>
configure:4422: result: no
configure:4450: checking for sys/pstat.h
configure:4458: result: no
configure:4346: checking endian.h usability
configure:4363: gcc -c -g -O2 -fPIC -D_GNU_SOURCE  conftest.c >&5
configure:4369: $? = 0
configure:4383: result: yes
configure:4387: checking endian.h presence
configure:4402: gcc -E  conftest.c
configure:4408: $? = 0
configure:4422: result: yes
configure:4450: checking for endian.h
configure:4458: result: yes
configure:4346: checking sys/cdefs.h usability
configure:4363: gcc -c -g -O2 -fPIC -D_GNU_SOURCE  conftest.c >&5
configure:4369: $? = 0
configure:4383: result: yes
configure:4387: checking sys/cdefs.h presence
configure:4402: gcc -E  conftest.c
configure:4408: $? = 0
configure:4422: result: yes
configure:4450: checking for sys/cdefs.h
configure:4458: result: yes
configure:4346: checking paths.h usability
configure:4363: gcc -c -g -O2 -fPIC -D_GNU_SOURCE  conftest.c >&5
configure:4369: $? = 0
configure:4383: result: yes
configure:4387: checking paths.h presence
configure:4402: gcc -E  conftest.c
configure:4408: $? = 0
configure:4422: result: yes
configure:4450: checking for paths.h
configure:4458: result: yes
configure:4336: checking for strings.h
configure:4342: result: yes
configure:4346: checking sys/time.h usability
configure:4363: gcc -c -g -O2 -fPIC -D_GNU_SOURCE  conftest.c >&5
configure:4369: $? = 0
configure:4383: result: yes
configure:4387: checking sys/time.h presence
configure:4402: gcc -E  conftest.c
configure:4408: $? = 0
configure:4422: result: yes
configure:4450: checking for sys/time.h
configure:4458: result: yes
configure:4346: checking time.h usability
configure:4363: gcc -c -g -O2 -fPIC -D_GNU_SOURCE  conftest.c >&5
configure:4369: $? = 0
configure:4383: result: yes
configure:4387: checking time.h presence
configure:4402: gcc -E  conftest.c
configure:4408: $? = 0
configure:4422: result: yes
configure:4450: checking for time.h
configure:4458: result: yes
configure:4472: checking for struct sockaddr.sa_len
configure:4502: gcc -c -g -O2 -fPIC -D_GNU_SOURCE  conftest.c >&5
conftest.c: In function 'main':
conftest.c:34: error: 'struct sockaddr' has no member named 'sa_len'
configure:4508: $? = 1
configure: failed program was:
| /* confdefs.h.  */
| #define PACKAGE_NAME ""
| #define PACKAGE_TARNAME ""
| #define PACKAGE_VERSION ""
| #define PACKAGE_STRING ""
| #define PACKAGE_BUGREPORT ""
| #define STDC_HEADERS 1
| #define HAVE_SYS_TYPES_H 1
| #define HAVE_SYS_STAT_H 1
| #define HAVE_STDLIB_H 1
| #define HAVE_STRING_H 1
| #define HAVE_MEMORY_H 1
| #define HAVE_STRINGS_H 1
| #define HAVE_INTTYPES_H 1
| #define HAVE_STDINT_H 1
| #define HAVE_UNISTD_H 1
| #define SPT_TYPE SPT_REUSEARGV
| #define HAVE_DIRENT_H 1
| #define HAVE_SYS_DIR_H 1
| #define HAVE_ENDIAN_H 1
| #define HAVE_SYS_CDEFS_H 1
| #define HAVE_PATHS_H 1
| #define HAVE_STRINGS_H 1
| #define HAVE_SYS_TIME_H 1
| #define HAVE_TIME_H 1
| /* end confdefs.h.  */
| #include <sys/types.h>
| 	 #include <sys/socket.h>
| 
| int
| main ()
| {
| static struct sockaddr ac_aggr;
| if (ac_aggr.sa_len)
| return 0;
|   ;
|   return 0;
| }
configure:4543: gcc -c -g -O2 -fPIC -D_GNU_SOURCE  conftest.c >&5
conftest.c: In function 'main':
conftest.c:34: error: 'struct sockaddr' has no member named 'sa_len'
configure:4549: $? = 1
configure: failed program was:
| /* confdefs.h.  */
| #define PACKAGE_NAME ""
| #define PACKAGE_TARNAME ""
| #define PACKAGE_VERSION ""
| #define PACKAGE_STRING ""
| #define PACKAGE_BUGREPORT ""
| #define STDC_HEADERS 1
| #define HAVE_SYS_TYPES_H 1
| #define HAVE_SYS_STAT_H 1
| #define HAVE_STDLIB_H 1
| #define HAVE_STRING_H 1
| #define HAVE_MEMORY_H 1
| #define HAVE_STRINGS_H 1
| #define HAVE_INTTYPES_H 1
| #define HAVE_STDINT_H 1
| #define HAVE_UNISTD_H 1
| #define SPT_TYPE SPT_REUSEARGV
| #define HAVE_DIRENT_H 1
| #define HAVE_SYS_DIR_H 1
| #define HAVE_ENDIAN_H 1
| #define HAVE_SYS_CDEFS_H 1
| #define HAVE_PATHS_H 1
| #define HAVE_STRINGS_H 1
| #define HAVE_SYS_TIME_H 1
| #define HAVE_TIME_H 1
| /* end confdefs.h.  */
| #include <sys/types.h>
| 	 #include <sys/socket.h>
| 
| int
| main ()
| {
| static struct sockaddr ac_aggr;
| if (sizeof ac_aggr.sa_len)
| return 0;
|   ;
|   return 0;
| }
configure:4567: result: no
configure:4578: checking for library containing daemon
configure:4619: gcc -o conftest -g -O2 -fPIC -D_GNU_SOURCE   conftest.c  >&5
configure:4625: $? = 0
configure:4653: result: none required
configure:4661: checking for library containing socket
configure:4702: gcc -o conftest -g -O2 -fPIC -D_GNU_SOURCE   conftest.c  >&5
configure:4708: $? = 0
configure:4736: result: none required
configure:4764: checking for closefrom
configure:4820: gcc -o conftest -g -O2 -fPIC -D_GNU_SOURCE   conftest.c  >&5
/tmp/cc46iPhh.o: In function `main':
/home/akrifa/Ecode/flowd-0.9.1/flowd-0.9.1/conftest.c:61: undefined reference to `closefrom'
collect2: ld returned 1 exit status
configure:4826: $? = 1
configure: failed program was:
| /* confdefs.h.  */
| #define PACKAGE_NAME ""
| #define PACKAGE_TARNAME ""
| #define PACKAGE_VERSION ""
| #define PACKAGE_STRING ""
| #define PACKAGE_BUGREPORT ""
| #define STDC_HEADERS 1
| #define HAVE_SYS_TYPES_H 1
| #define HAVE_SYS_STAT_H 1
| #define HAVE_STDLIB_H 1
| #define HAVE_STRING_H 1
| #define HAVE_MEMORY_H 1
| #define HAVE_STRINGS_H 1
| #define HAVE_INTTYPES_H 1
| #define HAVE_STDINT_H 1
| #define HAVE_UNISTD_H 1
| #define SPT_TYPE SPT_REUSEARGV
| #define HAVE_DIRENT_H 1
| #define HAVE_SYS_DIR_H 1
| #define HAVE_ENDIAN_H 1
| #define HAVE_SYS_CDEFS_H 1
| #define HAVE_PATHS_H 1
| #define HAVE_STRINGS_H 1
| #define HAVE_SYS_TIME_H 1
| #define HAVE_TIME_H 1
| /* end confdefs.h.  */
| /* Define closefrom to an innocuous variant, in case <limits.h> declares closefrom.
|    For example, HP-UX 11i <limits.h> declares gettimeofday.  */
| #define closefrom innocuous_closefrom
| 
| /* System header to define __stub macros and hopefully few prototypes,
|     which can conflict with char closefrom (); below.
|     Prefer <limits.h> to <assert.h> if __STDC__ is defined, since
|     <limits.h> exists even on freestanding compilers.  */
| 
| #ifdef __STDC__
| # include <limits.h>
| #else
| # include <assert.h>
| #endif
| 
| #undef closefrom
| 
| /* Override any GCC internal prototype to avoid an error.
|    Use char because int might match the return type of a GCC
|    builtin and then its argument prototype would still apply.  */
| #ifdef __cplusplus
| extern "C"
| #endif
| char closefrom ();
| /* The GNU C library defines this for functions which it implements
|     to always fail with ENOSYS.  Some functions are actually named
|     something starting with __ and the normal name is an alias.  */
| #if defined __stub_closefrom || defined __stub___closefrom
| choke me
| #endif
| 
| int
| main ()
| {
| return closefrom ();
|   ;
|   return 0;
| }
configure:4844: result: no
configure:4764: checking for betoh64
configure:4820: gcc -o conftest -g -O2 -fPIC -D_GNU_SOURCE   conftest.c  >&5
/tmp/ccUKPkSn.o: In function `main':
/home/akrifa/Ecode/flowd-0.9.1/flowd-0.9.1/conftest.c:61: undefined reference to `betoh64'
collect2: ld returned 1 exit status
configure:4826: $? = 1
configure: failed program was:
| /* confdefs.h.  */
| #define PACKAGE_NAME ""
| #define PACKAGE_TARNAME ""
| #define PACKAGE_VERSION ""
| #define PACKAGE_STRING ""
| #define PACKAGE_BUGREPORT ""
| #define STDC_HEADERS 1
| #define HAVE_SYS_TYPES_H 1
| #define HAVE_SYS_STAT_H 1
| #define HAVE_STDLIB_H 1
| #define HAVE_STRING_H 1
| #define HAVE_MEMORY_H 1
| #define HAVE_STRINGS_H 1
| #define HAVE_INTTYPES_H 1
| #define HAVE_STDINT_H 1
| #define HAVE_UNISTD_H 1
| #define SPT_TYPE SPT_REUSEARGV
| #define HAVE_DIRENT_H 1
| #define HAVE_SYS_DIR_H 1
| #define HAVE_ENDIAN_H 1
| #define HAVE_SYS_CDEFS_H 1
| #define HAVE_PATHS_H 1
| #define HAVE_STRINGS_H 1
| #define HAVE_SYS_TIME_H 1
| #define HAVE_TIME_H 1
| /* end confdefs.h.  */
| /* Define betoh64 to an innocuous variant, in case <limits.h> declares betoh64.
|    For example, HP-UX 11i <limits.h> declares gettimeofday.  */
| #define betoh64 innocuous_betoh64
| 
| /* System header to define __stub macros and hopefully few prototypes,
|     which can conflict with char betoh64 (); below.
|     Prefer <limits.h> to <assert.h> if __STDC__ is defined, since
|     <limits.h> exists even on freestanding compilers.  */
| 
| #ifdef __STDC__
| # include <limits.h>
| #else
| # include <assert.h>
| #endif
| 
| #undef betoh64
| 
| /* Override any GCC internal prototype to avoid an error.
|    Use char because int might match the return type of a GCC
|    builtin and then its argument prototype would still apply.  */
| #ifdef __cplusplus
| extern "C"
| #endif
| char betoh64 ();
| /* The GNU C library defines this for functions which it implements
|     to always fail with ENOSYS.  Some functions are actually named
|     something starting with __ and the normal name is an alias.  */
| #if defined __stub_betoh64 || defined __stub___betoh64
| choke me
| #endif
| 
| int
| main ()
| {
| return betoh64 ();
|   ;
|   return 0;
| }
configure:4844: result: no
configure:4764: checking for htobe64
configure:4820: gcc -o conftest -g -O2 -fPIC -D_GNU_SOURCE   conftest.c  >&5
/tmp/ccqCWeLw.o: In function `main':
/home/akrifa/Ecode/flowd-0.9.1/flowd-0.9.1/conftest.c:61: undefined reference to `htobe64'
collect2: ld returned 1 exit status
configure:4826: $? = 1
configure: failed program was:
| /* confdefs.h.  */
| #define PACKAGE_NAME ""
| #define PACKAGE_TARNAME ""
| #define PACKAGE_VERSION ""
| #define PACKAGE_STRING ""
| #define PACKAGE_BUGREPORT ""
| #define STDC_HEADERS 1
| #define HAVE_SYS_TYPES_H 1
| #define HAVE_SYS_STAT_H 1
| #define HAVE_STDLIB_H 1
| #define HAVE_STRING_H 1
| #define HAVE_MEMORY_H 1
| #define HAVE_STRINGS_H 1
| #define HAVE_INTTYPES_H 1
| #define HAVE_STDINT_H 1
| #define HAVE_UNISTD_H 1
| #define SPT_TYPE SPT_REUSEARGV
| #define HAVE_DIRENT_H 1
| #define HAVE_SYS_DIR_H 1
| #define HAVE_ENDIAN_H 1
| #define HAVE_SYS_CDEFS_H 1
| #define HAVE_PATHS_H 1
| #define HAVE_STRINGS_H 1
| #define HAVE_SYS_TIME_H 1
| #define HAVE_TIME_H 1
| /* end confdefs.h.  */
| /* Define htobe64 to an innocuous variant, in case <limits.h> declares htobe64.
|    For example, HP-UX 11i <limits.h> declares gettimeofday.  */
| #define htobe64 innocuous_htobe64
| 
| /* System header to define __stub macros and hopefully few prototypes,
|     which can conflict with char htobe64 (); below.
|     Prefer <limits.h> to <assert.h> if __STDC__ is defined, since
|     <limits.h> exists even on freestanding compilers.  */
| 
| #ifdef __STDC__
| # include <limits.h>
| #else
| # include <assert.h>
| #endif
| 
| #undef htobe64
| 
| /* Override any GCC internal prototype to avoid an error.
|    Use char because int might match the return type of a GCC
|    builtin and then its argument prototype would still apply.  */
| #ifdef __cplusplus
| extern "C"
| #endif
| char htobe64 ();
| /* The GNU C library defines this for functions which it implements
|     to always fail with ENOSYS.  Some functions are actually named
|     something starting with __ and the normal name is an alias.  */
| #if defined __stub_htobe64 || defined __stub___htobe64
| choke me
| #endif
| 
| int
| main ()
| {
| return htobe64 ();
|   ;
|   return 0;
| }
configure:4844: result: no
configure:4764: checking for daemon
configure:4820: gcc -o conftest -g -O2 -fPIC -D_GNU_SOURCE   conftest.c  >&5
configure:4826: $? = 0
configure:4844: result: yes
configure:4764: checking for setresuid
configure:4820: gcc -o conftest -g -O2 -fPIC -D_GNU_SOURCE   conftest.c  >&5
configure:4826: $? = 0
configure:4844: result: yes
configure:4764: checking for setreuid
configure:4820: gcc -o conftest -g -O2 -fPIC -D_GNU_SOURCE   conftest.c  >&5
configure:4826: $? = 0
configure:4844: result: yes
configure:4764: checking for setresgid
configure:4820: gcc -o conftest -g -O2 -fPIC -D_GNU_SOURCE   conftest.c  >&5
configure:4826: $? = 0
configure:4844: result: yes
configure:4764: checking for setregid
configure:4820: gcc -o conftest -g -O2 -fPIC -D_GNU_SOURCE   conftest.c  >&5
configure:4826: $? = 0
configure:4844: result: yes
configure:4764: checking for sysconf
configure:4820: gcc -o conftest -g -O2 -fPIC -D_GNU_SOURCE   conftest.c  >&5
configure:4826: $? = 0
configure:4844: result: yes
configure:4764: checking for setproctitle
configure:4820: gcc -o conftest -g -O2 -fPIC -D_GNU_SOURCE   conftest.c  >&5
/tmp/cccaIAQf.o: In function `main':
/home/akrifa/Ecode/flowd-0.9.1/flowd-0.9.1/conftest.c:67: undefined reference to `setproctitle'
collect2: ld returned 1 exit status
configure:4826: $? = 1
configure: failed program was:
| /* confdefs.h.  */
| #define PACKAGE_NAME ""
| #define PACKAGE_TARNAME ""
| #define PACKAGE_VERSION ""
| #define PACKAGE_STRING ""
| #define PACKAGE_BUGREPORT ""
| #define STDC_HEADERS 1
| #define HAVE_SYS_TYPES_H 1
| #define HAVE_SYS_STAT_H 1
| #define HAVE_STDLIB_H 1
| #define HAVE_STRING_H 1
| #define HAVE_MEMORY_H 1
| #define HAVE_STRINGS_H 1
| #define HAVE_INTTYPES_H 1
| #define HAVE_STDINT_H 1
| #define HAVE_UNISTD_H 1
| #define SPT_TYPE SPT_REUSEARGV
| #define HAVE_DIRENT_H 1
| #define HAVE_SYS_DIR_H 1
| #define HAVE_ENDIAN_H 1
| #define HAVE_SYS_CDEFS_H 1
| #define HAVE_PATHS_H 1
| #define HAVE_STRINGS_H 1
| #define HAVE_SYS_TIME_H 1
| #define HAVE_TIME_H 1
| #define HAVE_DAEMON 1
| #define HAVE_SETRESUID 1
| #define HAVE_SETREUID 1
| #define HAVE_SETRESGID 1
| #define HAVE_SETREGID 1
| #define HAVE_SYSCONF 1
| /* end confdefs.h.  */
| /* Define setproctitle to an innocuous variant, in case <limits.h> declares setproctitle.
|    For example, HP-UX 11i <limits.h> declares gettimeofday.  */
| #define setproctitle innocuous_setproctitle
| 
| /* System header to define __stub macros and hopefully few prototypes,
|     which can conflict with char setproctitle (); below.
|     Prefer <limits.h> to <assert.h> if __STDC__ is defined, since
|     <limits.h> exists even on freestanding compilers.  */
| 
| #ifdef __STDC__
| # include <limits.h>
| #else
| # include <assert.h>
| #endif
| 
| #undef setproctitle
| 
| /* Override any GCC internal prototype to avoid an error.
|    Use char because int might match the return type of a GCC
|    builtin and then its argument prototype would still apply.  */
| #ifdef __cplusplus
| extern "C"
| #endif
| char setproctitle ();
| /* The GNU C library defines this for functions which it implements
|     to always fail with ENOSYS.  Some functions are actually named
|     something starting with __ and the normal name is an alias.  */
| #if defined __stub_setproctitle || defined __stub___setproctitle
| choke me
| #endif
| 
| int
| main ()
| {
| return setproctitle ();
|   ;
|   return 0;
| }
configure:4844: result: no
configure:4764: checking for dirfd
configure:4820: gcc -o conftest -g -O2 -fPIC -D_GNU_SOURCE   conftest.c  >&5
configure:4826: $? = 0
configure:4844: result: yes
configure:4764: checking for sendmsg
configure:4820: gcc -o conftest -g -O2 -fPIC -D_GNU_SOURCE   conftest.c  >&5
configure:4826: $? = 0
configure:4844: result: yes
configure:4764: checking for recvmsg
configure:4820: gcc -o conftest -g -O2 -fPIC -D_GNU_SOURCE   conftest.c  >&5
configure:4826: $? = 0
configure:4844: result: yes
configure:4764: checking for tzset
configure:4820: gcc -o conftest -g -O2 -fPIC -D_GNU_SOURCE   conftest.c  >&5
configure:4826: $? = 0
configure:4844: result: yes
configure:4764: checking for strlcpy
configure:4820: gcc -o conftest -g -O2 -fPIC -D_GNU_SOURCE   conftest.c  >&5
/tmp/ccox0CzN.o: In function `main':
/home/akrifa/Ecode/flowd-0.9.1/flowd-0.9.1/conftest.c:71: undefined reference to `strlcpy'
collect2: ld returned 1 exit status
configure:4826: $? = 1
configure: failed program was:
| /* confdefs.h.  */
| #define PACKAGE_NAME ""
| #define PACKAGE_TARNAME ""
| #define PACKAGE_VERSION ""
| #define PACKAGE_STRING ""
| #define PACKAGE_BUGREPORT ""
| #define STDC_HEADERS 1
| #define HAVE_SYS_TYPES_H 1
| #define HAVE_SYS_STAT_H 1
| #define HAVE_STDLIB_H 1
| #define HAVE_STRING_H 1
| #define HAVE_MEMORY_H 1
| #define HAVE_STRINGS_H 1
| #define HAVE_INTTYPES_H 1
| #define HAVE_STDINT_H 1
| #define HAVE_UNISTD_H 1
| #define SPT_TYPE SPT_REUSEARGV
| #define HAVE_DIRENT_H 1
| #define HAVE_SYS_DIR_H 1
| #define HAVE_ENDIAN_H 1
| #define HAVE_SYS_CDEFS_H 1
| #define HAVE_PATHS_H 1
| #define HAVE_STRINGS_H 1
| #define HAVE_SYS_TIME_H 1
| #define HAVE_TIME_H 1
| #define HAVE_DAEMON 1
| #define HAVE_SETRESUID 1
| #define HAVE_SETREUID 1
| #define HAVE_SETRESGID 1
| #define HAVE_SETREGID 1
| #define HAVE_SYSCONF 1
| #define HAVE_DIRFD 1
| #define HAVE_SENDMSG 1
| #define HAVE_RECVMSG 1
| #define HAVE_TZSET 1
| /* end confdefs.h.  */
| /* Define strlcpy to an innocuous variant, in case <limits.h> declares strlcpy.
|    For example, HP-UX 11i <limits.h> declares gettimeofday.  */
| #define strlcpy innocuous_strlcpy
| 
| /* System header to define __stub macros and hopefully few prototypes,
|     which can conflict with char strlcpy (); below.
|     Prefer <limits.h> to <assert.h> if __STDC__ is defined, since
|     <limits.h> exists even on freestanding compilers.  */
| 
| #ifdef __STDC__
| # include <limits.h>
| #else
| # include <assert.h>
| #endif
| 
| #undef strlcpy
| 
| /* Override any GCC internal prototype to avoid an error.
|    Use char because int might match the return type of a GCC
|    builtin and then its argument prototype would still apply.  */
| #ifdef __cplusplus
| extern "C"
| #endif
| char strlcpy ();
| /* The GNU C library defines this for functions which it implements
|     to always fail with ENOSYS.  Some functions are actually named
|     something starting with __ and the normal name is an alias.  */
| #if defined __stub_strlcpy || defined __stub___strlcpy
| choke me
| #endif
| 
| int
| main ()
| {
| return strlcpy ();
|   ;
|   return 0;
| }
configure:4844: result: no
configure:4764: checking for strlcat
configure:4820: gcc -o conftest -g -O2 -fPIC -D_GNU_SOURCE   conftest.c  >&5
/tmp/cc6kY6NT.o: In function `main':
/home/akrifa/Ecode/flowd-0.9.1/flowd-0.9.1/conftest.c:71: undefined reference to `strlcat'
collect2: ld returned 1 exit status
configure:4826: $? = 1
configure: failed program was:
| /* confdefs.h.  */
| #define PACKAGE_NAME ""
| #define PACKAGE_TARNAME ""
| #define PACKAGE_VERSION ""
| #define PACKAGE_STRING ""
| #define PACKAGE_BUGREPORT ""
| #define STDC_HEADERS 1
| #define HAVE_SYS_TYPES_H 1
| #define HAVE_SYS_STAT_H 1
| #define HAVE_STDLIB_H 1
| #define HAVE_STRING_H 1
| #define HAVE_MEMORY_H 1
| #define HAVE_STRINGS_H 1
| #define HAVE_INTTYPES_H 1
| #define HAVE_STDINT_H 1
| #define HAVE_UNISTD_H 1
| #define SPT_TYPE SPT_REUSEARGV
| #define HAVE_DIRENT_H 1
| #define HAVE_SYS_DIR_H 1
| #define HAVE_ENDIAN_H 1
| #define HAVE_SYS_CDEFS_H 1
| #define HAVE_PATHS_H 1
| #define HAVE_STRINGS_H 1
| #define HAVE_SYS_TIME_H 1
| #define HAVE_TIME_H 1
| #define HAVE_DAEMON 1
| #define HAVE_SETRESUID 1
| #define HAVE_SETREUID 1
| #define HAVE_SETRESGID 1
| #define HAVE_SETREGID 1
| #define HAVE_SYSCONF 1
| #define HAVE_DIRFD 1
| #define HAVE_SENDMSG 1
| #define HAVE_RECVMSG 1
| #define HAVE_TZSET 1
| /* end confdefs.h.  */
| /* Define strlcat to an innocuous variant, in case <limits.h> declares strlcat.
|    For example, HP-UX 11i <limits.h> declares gettimeofday.  */
| #define strlcat innocuous_strlcat
| 
| /* System header to define __stub macros and hopefully few prototypes,
|     which can conflict with char strlcat (); below.
|     Prefer <limits.h> to <assert.h> if __STDC__ is defined, since
|     <limits.h> exists even on freestanding compilers.  */
| 
| #ifdef __STDC__
| # include <limits.h>
| #else
| # include <assert.h>
| #endif
| 
| #undef strlcat
| 
| /* Override any GCC internal prototype to avoid an error.
|    Use char because int might match the return type of a GCC
|    builtin and then its argument prototype would still apply.  */
| #ifdef __cplusplus
| extern "C"
| #endif
| char strlcat ();
| /* The GNU C library defines this for functions which it implements
|     to always fail with ENOSYS.  Some functions are actually named
|     something starting with __ and the normal name is an alias.  */
| #if defined __stub_strlcat || defined __stub___strlcat
| choke me
| #endif
| 
| int
| main ()
| {
| return strlcat ();
|   ;
|   return 0;
| }
configure:4844: result: no
configure:4855: checking for u_int64_t
configure:4885: gcc -c -g -O2 -fPIC -D_GNU_SOURCE  conftest.c >&5
configure:4891: $? = 0
configure:4906: result: yes
configure:4916: checking for int64_t
configure:4946: gcc -c -g -O2 -fPIC -D_GNU_SOURCE  conftest.c >&5
configure:4952: $? = 0
configure:4967: result: yes
configure:4977: checking for uint64_t
configure:5007: gcc -c -g -O2 -fPIC -D_GNU_SOURCE  conftest.c >&5
configure:5013: $? = 0
configure:5028: result: yes
configure:5038: checking for u_int32_t
configure:5068: gcc -c -g -O2 -fPIC -D_GNU_SOURCE  conftest.c >&5
configure:5074: $? = 0
configure:5089: result: yes
configure:5099: checking for int32_t
configure:5129: gcc -c -g -O2 -fPIC -D_GNU_SOURCE  conftest.c >&5
configure:5135: $? = 0
configure:5150: result: yes
configure:5160: checking for uint32_t
configure:5190: gcc -c -g -O2 -fPIC -D_GNU_SOURCE  conftest.c >&5
configure:5196: $? = 0
configure:5211: result: yes
configure:5222: checking for u_int16_t
configure:5252: gcc -c -g -O2 -fPIC -D_GNU_SOURCE  conftest.c >&5
configure:5258: $? = 0
configure:5273: result: yes
configure:5283: checking for int16_t
configure:5313: gcc -c -g -O2 -fPIC -D_GNU_SOURCE  conftest.c >&5
configure:5319: $? = 0
configure:5334: result: yes
configure:5344: checking for uint16_t
configure:5374: gcc -c -g -O2 -fPIC -D_GNU_SOURCE  conftest.c >&5
configure:5380: $? = 0
configure:5395: result: yes
configure:5405: checking for u_int8_t
configure:5435: gcc -c -g -O2 -fPIC -D_GNU_SOURCE  conftest.c >&5
configure:5441: $? = 0
configure:5456: result: yes
configure:5466: checking for int8_t
configure:5496: gcc -c -g -O2 -fPIC -D_GNU_SOURCE  conftest.c >&5
configure:5502: $? = 0
configure:5517: result: yes
configure:5527: checking for uint8_t
configure:5557: gcc -c -g -O2 -fPIC -D_GNU_SOURCE  conftest.c >&5
configure:5563: $? = 0
configure:5578: result: yes
configure:5589: checking for u_int
configure:5619: gcc -c -g -O2 -fPIC -D_GNU_SOURCE  conftest.c >&5
configure:5625: $? = 0
configure:5640: result: yes
configure:5651: checking for char
configure:5681: gcc -c -g -O2 -fPIC -D_GNU_SOURCE  conftest.c >&5
configure:5687: $? = 0
configure:5702: result: yes
configure:5709: checking size of char
configure:6011: gcc -o conftest -g -O2 -fPIC -D_GNU_SOURCE   conftest.c  >&5
configure:6014: $? = 0
configure:6020: ./conftest
configure:6023: $? = 0
configure:6046: result: 1
configure:6056: checking for unsigned char
configure:6086: gcc -c -g -O2 -fPIC -D_GNU_SOURCE  conftest.c >&5
configure:6092: $? = 0
configure:6107: result: yes
configure:6114: checking size of unsigned char
configure:6416: gcc -o conftest -g -O2 -fPIC -D_GNU_SOURCE   conftest.c  >&5
configure:6419: $? = 0
configure:6425: ./conftest
configure:6428: $? = 0
configure:6451: result: 1
configure:6461: checking for short int
configure:6491: gcc -c -g -O2 -fPIC -D_GNU_SOURCE  conftest.c >&5
configure:6497: $? = 0
configure:6512: result: yes
configure:6519: checking size of short int
configure:6821: gcc -o conftest -g -O2 -fPIC -D_GNU_SOURCE   conftest.c  >&5
configure:6824: $? = 0
configure:6830: ./conftest
configure:6833: $? = 0
configure:6856: result: 2
configure:6866: checking for unsigned short int
configure:6896: gcc -c -g -O2 -fPIC -D_GNU_SOURCE  conftest.c >&5
configure:6902: $? = 0
configure:6917: result: yes
configure:6924: checking size of unsigned short int
configure:7226: gcc -o conftest -g -O2 -fPIC -D_GNU_SOURCE   conftest.c  >&5
configure:7229: $? = 0
configure:7235: ./conftest
configure:7238: $? = 0
configure:7261: result: 2
configure:7271: checking for int
configure:7301: gcc -c -g -O2 -fPIC -D_GNU_SOURCE  conftest.c >&5
configure:7307: $? = 0
configure:7322: result: yes
configure:7329: checking size of int
configure:7631: gcc -o conftest -g -O2 -fPIC -D_GNU_SOURCE   conftest.c  >&5
configure:7634: $? = 0
configure:7640: ./conftest
configure:7643: $? = 0
configure:7666: result: 4
configure:7676: checking for unsigned int
configure:7706: gcc -c -g -O2 -fPIC -D_GNU_SOURCE  conftest.c >&5
configure:7712: $? = 0
configure:7727: result: yes
configure:7734: checking size of unsigned int
configure:8036: gcc -o conftest -g -O2 -fPIC -D_GNU_SOURCE   conftest.c  >&5
configure:8039: $? = 0
configure:8045: ./conftest
configure:8048: $? = 0
configure:8071: result: 4
configure:8081: checking for long int
configure:8111: gcc -c -g -O2 -fPIC -D_GNU_SOURCE  conftest.c >&5
configure:8117: $? = 0
configure:8132: result: yes
configure:8139: checking size of long int
configure:8441: gcc -o conftest -g -O2 -fPIC -D_GNU_SOURCE   conftest.c  >&5
configure:8444: $? = 0
configure:8450: ./conftest
configure:8453: $? = 0
configure:8476: result: 8
configure:8486: checking for unsigned long int
configure:8516: gcc -c -g -O2 -fPIC -D_GNU_SOURCE  conftest.c >&5
configure:8522: $? = 0
configure:8537: result: yes
configure:8544: checking size of unsigned long int
configure:8846: gcc -o conftest -g -O2 -fPIC -D_GNU_SOURCE   conftest.c  >&5
configure:8849: $? = 0
configure:8855: ./conftest
configure:8858: $? = 0
configure:8881: result: 8
configure:8891: checking for long long int
configure:8921: gcc -c -g -O2 -fPIC -D_GNU_SOURCE  conftest.c >&5
configure:8927: $? = 0
configure:8942: result: yes
configure:8949: checking size of long long int
configure:9251: gcc -o conftest -g -O2 -fPIC -D_GNU_SOURCE   conftest.c  >&5
configure:9254: $? = 0
configure:9260: ./conftest
configure:9263: $? = 0
configure:9286: result: 8
configure:9296: checking for unsigned long long int
configure:9326: gcc -c -g -O2 -fPIC -D_GNU_SOURCE  conftest.c >&5
configure:9332: $? = 0
configure:9347: result: yes
configure:9354: checking size of unsigned long long int
configure:9656: gcc -o conftest -g -O2 -fPIC -D_GNU_SOURCE   conftest.c  >&5
configure:9659: $? = 0
configure:9665: ./conftest
configure:9668: $? = 0
configure:9691: result: 8
configure:9702: checking for sa_family_t
configure:9737: gcc -c -g -O2 -fPIC -D_GNU_SOURCE  conftest.c >&5
configure:9743: $? = 0
configure:9758: result: yes
configure:9765: checking size of sa_family_t
configure:10097: gcc -o conftest -g -O2 -fPIC -D_GNU_SOURCE   conftest.c  >&5
configure:10100: $? = 0
configure:10106: ./conftest
configure:10109: $? = 0
configure:10132: result: 2
configure:10143: checking for /proc/pid/fd directory
configure:10151: result: yes
configure:10158: checking for msg_accrights field in struct msghdr
configure:10197: gcc -o conftest -g -O2 -fPIC -D_GNU_SOURCE   conftest.c  >&5
conftest.c: In function 'main':
conftest.c:71: error: 'struct msghdr' has no member named 'msg_accrights'
conftest.c:72: warning: incompatible implicit declaration of built-in function 'exit'
configure:10200: $? = 1
configure: program exited with status 1
configure: failed program was:
| /* confdefs.h.  */
| #define PACKAGE_NAME ""
| #define PACKAGE_TARNAME ""
| #define PACKAGE_VERSION ""
| #define PACKAGE_STRING ""
| #define PACKAGE_BUGREPORT ""
| #define STDC_HEADERS 1
| #define HAVE_SYS_TYPES_H 1
| #define HAVE_SYS_STAT_H 1
| #define HAVE_STDLIB_H 1
| #define HAVE_STRING_H 1
| #define HAVE_MEMORY_H 1
| #define HAVE_STRINGS_H 1
| #define HAVE_INTTYPES_H 1
| #define HAVE_STDINT_H 1
| #define HAVE_UNISTD_H 1
| #define SPT_TYPE SPT_REUSEARGV
| #define HAVE_DIRENT_H 1
| #define HAVE_SYS_DIR_H 1
| #define HAVE_ENDIAN_H 1
| #define HAVE_SYS_CDEFS_H 1
| #define HAVE_PATHS_H 1
| #define HAVE_STRINGS_H 1
| #define HAVE_SYS_TIME_H 1
| #define HAVE_TIME_H 1
| #define HAVE_DAEMON 1
| #define HAVE_SETRESUID 1
| #define HAVE_SETREUID 1
| #define HAVE_SETRESGID 1
| #define HAVE_SETREGID 1
| #define HAVE_SYSCONF 1
| #define HAVE_DIRFD 1
| #define HAVE_SENDMSG 1
| #define HAVE_RECVMSG 1
| #define HAVE_TZSET 1
| #define HAVE_U_INT64_T 1
| #define HAVE_INT64_T 1
| #define HAVE_UINT64_T 1
| #define HAVE_U_INT32_T 1
| #define HAVE_INT32_T 1
| #define HAVE_UINT32_T 1
| #define HAVE_U_INT16_T 1
| #define HAVE_INT16_T 1
| #define HAVE_UINT16_T 1
| #define HAVE_U_INT8_T 1
| #define HAVE_INT8_T 1
| #define HAVE_UINT8_T 1
| #define HAVE_U_INT 1
| #define SIZEOF_CHAR 1
| #define SIZEOF_UNSIGNED_CHAR 1
| #define SIZEOF_SHORT_INT 2
| #define SIZEOF_UNSIGNED_SHORT_INT 2
| #define SIZEOF_INT 4
| #define SIZEOF_UNSIGNED_INT 4
| #define SIZEOF_LONG_INT 8
| #define SIZEOF_UNSIGNED_LONG_INT 8
| #define SIZEOF_LONG_LONG_INT 8
| #define SIZEOF_UNSIGNED_LONG_LONG_INT 8
| #define SIZEOF_SA_FAMILY_T 2
| #define HAVE_PROC_PID
| /* end confdefs.h.  */
| 
| #include <sys/types.h>
| #include <sys/socket.h>
| #include <sys/uio.h>
| int main() {
| #ifdef msg_accrights
| exit(1);
| #endif
| struct msghdr m;
| m.msg_accrights = 0;
| exit(0);
| }
| 
configure:10227: result: no
configure:10237: checking for msg_control field in struct msghdr
configure:10276: gcc -o conftest -g -O2 -fPIC -D_GNU_SOURCE   conftest.c  >&5
conftest.c: In function 'main':
conftest.c:72: warning: incompatible implicit declaration of built-in function 'exit'
configure:10279: $? = 0
configure:10285: ./conftest
configure:10288: $? = 0
configure:10306: result: yes
configure:10316: checking if libc defines __progname
configure:10343: gcc -o conftest -g -O2 -fPIC -D_GNU_SOURCE   conftest.c  >&5
conftest.c: In function 'main':
conftest.c:67: warning: incompatible implicit declaration of built-in function 'printf'
configure:10349: $? = 0
configure:10368: result: yes
configure:10681: creating ./config.status

## ---------------------- ##
## Running config.status. ##
## ---------------------- ##

This file was extended by config.status, which was
generated by GNU Autoconf 2.61.  Invocation command line was

  CONFIG_FILES    = 
  CONFIG_HEADERS  = 
  CONFIG_LINKS    = 
  CONFIG_COMMANDS = 
  $ ./config.status 

on paierie.inria.fr

config.status:617: creating Makefile
config.status:752: WARNING:  Makefile.in seems to ignore the --datarootdir setting
config.status:617: creating flowd.8
config.status:617: creating flowd-reader.8
config.status:617: creating flowd.conf.5
config.status:617: creating flowd-pytypes.h
config.status:617: creating flowd-config.h
config.status:899: flowd-config.h is unchanged

## ---------------- ##
## Cache variables. ##
## ---------------- ##

ac_cv_build=x86_64-unknown-linux-gnu
ac_cv_c_bigendian=no
ac_cv_c_compiler_gnu=yes
ac_cv_env_CC_set=
ac_cv_env_CC_value=
ac_cv_env_CFLAGS_set=
ac_cv_env_CFLAGS_value=
ac_cv_env_CPPFLAGS_set=
ac_cv_env_CPPFLAGS_value=
ac_cv_env_CPP_set=
ac_cv_env_CPP_value=
ac_cv_env_LDFLAGS_set=
ac_cv_env_LDFLAGS_value=
ac_cv_env_LIBS_set=
ac_cv_env_LIBS_value=
ac_cv_env_build_alias_set=
ac_cv_env_build_alias_value=
ac_cv_env_host_alias_set=
ac_cv_env_host_alias_value=
ac_cv_env_target_alias_set=
ac_cv_env_target_alias_value=
ac_cv_func_betoh64=no
ac_cv_func_closefrom=no
ac_cv_func_daemon=yes
ac_cv_func_dirfd=yes
ac_cv_func_htobe64=no
ac_cv_func_recvmsg=yes
ac_cv_func_sendmsg=yes
ac_cv_func_setproctitle=no
ac_cv_func_setregid=yes
ac_cv_func_setresgid=yes
ac_cv_func_setresuid=yes
ac_cv_func_setreuid=yes
ac_cv_func_strlcat=no
ac_cv_func_strlcpy=no
ac_cv_func_sysconf=yes
ac_cv_func_tzset=yes
ac_cv_have_accrights_in_msghdr=no
ac_cv_have_control_in_msghdr=yes
ac_cv_header_dirent_h=yes
ac_cv_header_endian_h=yes
ac_cv_header_inttypes_h=yes
ac_cv_header_memory_h=yes
ac_cv_header_ndir_h=no
ac_cv_header_paths_h=yes
ac_cv_header_stdc=yes
ac_cv_header_stdint_h=yes
ac_cv_header_stdlib_h=yes
ac_cv_header_string_h=yes
ac_cv_header_strings_h=yes
ac_cv_header_sys_cdefs_h=yes
ac_cv_header_sys_dir_h=yes
ac_cv_header_sys_ndir_h=no
ac_cv_header_sys_pstat_h=no
ac_cv_header_sys_stat_h=yes
ac_cv_header_sys_time_h=yes
ac_cv_header_sys_types_h=yes
ac_cv_header_time_h=yes
ac_cv_header_unistd_h=yes
ac_cv_host=x86_64-unknown-linux-gnu
ac_cv_libc_defines___progname=yes
ac_cv_member_struct_sockaddr_sa_len=no
ac_cv_objext=o
ac_cv_path_BYACC=/usr/bin/byacc
ac_cv_path_EGREP='/bin/grep -E'
ac_cv_path_GREP=/bin/grep
ac_cv_path_YACC=/usr/bin/yacc
ac_cv_path_install='/usr/bin/install -c'
ac_cv_prog_CPP='gcc -E'
ac_cv_prog_ac_ct_CC=gcc
ac_cv_prog_ac_ct_RANLIB=ranlib
ac_cv_prog_cc_c89=
ac_cv_prog_cc_g=yes
ac_cv_search_daemon='none required'
ac_cv_search_socket='none required'
ac_cv_sizeof_char=1
ac_cv_sizeof_int=4
ac_cv_sizeof_long_int=8
ac_cv_sizeof_long_long_int=8
ac_cv_sizeof_sa_family_t=2
ac_cv_sizeof_short_int=2
ac_cv_sizeof_unsigned_char=1
ac_cv_sizeof_unsigned_int=4
ac_cv_sizeof_unsigned_long_int=8
ac_cv_sizeof_unsigned_long_long_int=8
ac_cv_sizeof_unsigned_short_int=2
ac_cv_sys_file_offset_bits=no
ac_cv_sys_largefile_CC=no
ac_cv_type_char=yes
ac_cv_type_int16_t=yes
ac_cv_type_int32_t=yes
ac_cv_type_int64_t=yes
ac_cv_type_int8_t=yes
ac_cv_type_int=yes
ac_cv_type_long_int=yes
ac_cv_type_long_long_int=yes
ac_cv_type_sa_family_t=yes
ac_cv_type_short_int=yes
ac_cv_type_u_int16_t=yes
ac_cv_type_u_int32_t=yes
ac_cv_type_u_int64_t=yes
ac_cv_type_u_int8_t=yes
ac_cv_type_u_int=yes
ac_cv_type_uint16_t=yes
ac_cv_type_uint32_t=yes
ac_cv_type_uint64_t=yes
ac_cv_type_uint8_t=yes
ac_cv_type_unsigned_char=yes
ac_cv_type_unsigned_int=yes
ac_cv_type_unsigned_long_int=yes
ac_cv_type_unsigned_long_long_int=yes
ac_cv_type_unsigned_short_int=yes

## ----------------- ##
## Output variables. ##
## ----------------- ##

BYACC='/usr/bin/byacc'
CC='gcc'
CFLAGS='-g -O2 -fPIC -D_GNU_SOURCE'
CONFPATH='/usr/local/etc'
CPP='gcc -E'
CPPFLAGS=''
DEFS='-DHAVE_CONFIG_H'
ECHO_C=''
ECHO_N='-n'
ECHO_T=''
EGREP='/bin/grep -E'
EXEEXT=''
FL_T_AF='T_USHORT'
FL_T_U16='T_USHORT'
FL_T_U32='T_UINT'
FL_T_U8='T_UBYTE'
GREP='/bin/grep'
INSTALL_DATA='${INSTALL} -m 644'
INSTALL_PROGRAM='${INSTALL}'
INSTALL_SCRIPT='${INSTALL}'
LDFLAGS=''
LIBOBJS=''
LIBS=''
LTLIBOBJS=''
OBJEXT='o'
PACKAGE_BUGREPORT=''
PACKAGE_NAME=''
PACKAGE_STRING=''
PACKAGE_TARNAME=''
PACKAGE_VERSION=''
PATH_SEPARATOR=':'
PIDPATH='/usr/local/var/run'
PROGVER='0.9.1'
RANLIB='ranlib'
SHELL='/bin/sh'
YACC='/usr/bin/byacc'
ac_ct_CC='gcc'
bindir='${exec_prefix}/bin'
build='x86_64-unknown-linux-gnu'
build_alias=''
build_cpu='x86_64'
build_os='linux-gnu'
build_vendor='unknown'
datadir='${datarootdir}'
datarootdir='${prefix}/share'
docdir='${datarootdir}/doc/${PACKAGE}'
dvidir='${docdir}'
exec_prefix='${prefix}'
host='x86_64-unknown-linux-gnu'
host_alias=''
host_cpu='x86_64'
host_os='linux-gnu'
host_vendor='unknown'
htmldir='${docdir}'
includedir='${prefix}/include'
infodir='${datarootdir}/info'
libdir='${exec_prefix}/lib'
libexecdir='${exec_prefix}/libexec'
localedir='${datarootdir}/locale'
localstatedir='${prefix}/var'
mandir='${datarootdir}/man'
oldincludedir='/usr/include'
pdfdir='${docdir}'
prefix='/usr/local'
program_transform_name='s,x,x,'
psdir='${docdir}'
sbindir='${exec_prefix}/sbin'
sharedstatedir='${prefix}/com'
sysconfdir='${prefix}/etc'
target_alias=''

## ----------- ##
## confdefs.h. ##
## ----------- ##

#define PACKAGE_NAME ""
#define PACKAGE_TARNAME ""
#define PACKAGE_VERSION ""
#define PACKAGE_STRING ""
#define PACKAGE_BUGREPORT ""
#define STDC_HEADERS 1
#define HAVE_SYS_TYPES_H 1
#define HAVE_SYS_STAT_H 1
#define HAVE_STDLIB_H 1
#define HAVE_STRING_H 1
#define HAVE_MEMORY_H 1
#define HAVE_STRINGS_H 1
#define HAVE_INTTYPES_H 1
#define HAVE_STDINT_H 1
#define HAVE_UNISTD_H 1
#define SPT_TYPE SPT_REUSEARGV
#define HAVE_DIRENT_H 1
#define HAVE_SYS_DIR_H 1
#define HAVE_ENDIAN_H 1
#define HAVE_SYS_CDEFS_H 1
#define HAVE_PATHS_H 1
#define HAVE_STRINGS_H 1
#define HAVE_SYS_TIME_H 1
#define HAVE_TIME_H 1
#define HAVE_DAEMON 1
#define HAVE_SETRESUID 1
#define HAVE_SETREUID 1
#define HAVE_SETRESGID 1
#define HAVE_SETREGID 1
#define HAVE_SYSCONF 1
#define HAVE_DIRFD 1
#define HAVE_SENDMSG 1
#define HAVE_RECVMSG 1
#define HAVE_TZSET 1
#define HAVE_U_INT64_T 1
#define HAVE_INT64_T 1
#define HAVE_UINT64_T 1
#define HAVE_U_INT32_T 1
#define HAVE_INT32_T 1
#define HAVE_UINT32_T 1
#define HAVE_U_INT16_T 1
#define HAVE_INT16_T 1
#define HAVE_UINT16_T 1
#define HAVE_U_INT8_T 1
#define HAVE_INT8_T 1
#define HAVE_UINT8_T 1
#define HAVE_U_INT 1
#define SIZEOF_CHAR 1
#define SIZEOF_UNSIGNED_CHAR 1
#define SIZEOF_SHORT_INT 2
#define SIZEOF_UNSIGNED_SHORT_INT 2
#define SIZEOF_INT 4
#define SIZEOF_UNSIGNED_INT 4
#define SIZEOF_LONG_INT 8
#define SIZEOF_UNSIGNED_LONG_INT 8
#define SIZEOF_LONG_LONG_INT 8
#define SIZEOF_UNSIGNED_LONG_LONG_INT 8
#define SIZEOF_SA_FAMILY_T 2
#define HAVE_PROC_PID
#define HAVE_CONTROL_IN_MSGHDR
#define HAVE___PROGNAME
#define OUR_CFG_U_INT8_T uint8_t
#define OUR_CFG_INT8_T signed char
#define OUR_CFG_U_INT16_T uint16_t
#define OUR_CFG_INT16_T short int
#define OUR_CFG_U_INT32_T uint32_t
#define OUR_CFG_INT32_T int
#define OUR_CFG_U_INT64_T uint64_t
#define OUR_CFG_INT64_T long int
#define PIDPATH "/usr/local/var/run"
#define CONFPATH "/usr/local/etc"

configure: exit 0
